<?xml version="1.0" encoding="UTF-8"?>
<testsuite name="CatTest" tests="3" skipped="0" failures="0" errors="0" timestamp="2021-03-26T23:06:01" hostname="DESKTOP-HNG3HQ1" time="0.032">
  <properties/>
  <testcase name="shouldGreeting()" classname="CatTest" time="0.026"/>
  <testcase name="shouldGetBreed()" classname="CatTest" time="0.002"/>
  <testcase name="shouldSayName()" classname="CatTest" time="0.002"/>
  <system-out><![CDATA[]]></system-out>
  <system-err><![CDATA[]]></system-err>
</testsuite>
